..:: PROJETO SEEKER ::.. 

Diretório de entrada: M2V.mp4
Diretório de saída: nenhum
Resultado esperado: [28, 12]
Diretório do prototexto da rede neural: Modelos/MobileNetSSD_deploy.prototxt
Diretório do modelo da rede neural: Modelos/MobileNetSSD_deploy.caffemodel
Perspectiva do fluxo do tráfego: vertical
Altura dos quadros em pixels: 350
Largura dos quadros em pixels: 500
Intervalo de quadros para busca de objetos: 25
Grau de confiança do filtro de detecção: 0.15
Distância euclidiana máxima para convergência de centroides: 75 pixels
Persistência dos centroides em pós-desaparecimento: 10 quadros
Métodos de manipulação de imagem utilizados: bw

Quantidade esperada de tráfego subindo: 28 pessoas;
Quantidade esperada de tráfego descendo: 12 pessoas;
Quantidade esperada de tráfego total: 40 pessoas;

Taxa de detecção de pessoas subindo: 85.71% do esperado;
Taxa de detecção de pessoas descendo: 58.33% do esperado;
Taxa de detecção de pessoas no total: 77.50% do esperado.

Desvio para as pessoas subindo: 14.29% do esperado;
Desvio para as pessoas descendo: 41.67% do esperado;
Desvio para as pessoas no total: 22.50% do esperado.

Tráfego subindo: 24 pessoas;
Tráfego descendo: 7 pessoas;
Pessoas detectadas: 31.

Tempo de execução: 73.41 segundos.
Taxa média de quadros por segundo: 70.74 FPS.

..:: FIM DO LOG ::..

