..:: PROJETO SEEKER ::.. 

Diretório de entrada: M5V.mp4
Diretório de saída: nenhum
Resultado esperado: [2, 0]
Diretório do prototexto da rede neural: Modelos/MobileNetSSD_deploy.prototxt
Diretório do modelo da rede neural: Modelos/MobileNetSSD_deploy.caffemodel
Perspectiva do fluxo do tráfego: vertical
Altura dos quadros em pixels: 175
Largura dos quadros em pixels: 500
Intervalo de quadros para busca de objetos: 23
Grau de confiança do filtro de detecção: 0.4
Distância euclidiana máxima para convergência de centroides: 305 pixels
Persistência dos centroides em pós-desaparecimento: 10 quadros
Métodos de manipulação de imagem utilizados: nenhum

Quantidade esperada de tráfego subindo: 2 pessoas;
Quantidade esperada de tráfego descendo: 0 pessoas;
Quantidade esperada de tráfego total: 2 pessoas;

Taxa de detecção de pessoas subindo: 100.00% do esperado;
Taxa de detecção de pessoas descendo: 100.00% do esperado;
Taxa de detecção de pessoas no total: 100.00% do esperado.

Desvio para as pessoas subindo: 0.00% do esperado;
Desvio para as pessoas descendo: 0.00% do esperado;
Desvio para as pessoas no total: 0.00% do esperado.

Tráfego subindo: 2 pessoas;
Tráfego descendo: 0 pessoas;
Pessoas detectadas: 2.

Tempo de execução: 1.29 segundos.
Taxa média de quadros por segundo: 78.18 FPS.

..:: FIM DO LOG ::..

