..:: PROJETO SEEKER ::.. 

Diretório de entrada: M2V.mp4
Diretório de saída: nenhum
Resultado esperado: [2, 2]
Diretório do prototexto da rede neural: Modelos/MobileNetSSD_deploy.prototxt
Diretório do modelo da rede neural: Modelos/MobileNetSSD_deploy.caffemodel
Perspectiva do fluxo do tráfego: vertical
Altura dos quadros em pixels: 420
Largura dos quadros em pixels: 500
Intervalo de quadros para busca de objetos: 30
Grau de confiança do filtro de detecção: 0.378
Distância euclidiana máxima para convergência de centroides: 166 pixels
Persistência dos centroides em pós-desaparecimento: 22 quadros
Métodos de manipulação de imagem utilizados: realce

Quantidade esperada de tráfego subindo: 2 pessoas;
Quantidade esperada de tráfego descendo: 2 pessoas;
Quantidade esperada de tráfego total: 4 pessoas;

Taxa de detecção de pessoas subindo: 100.00% do esperado;
Taxa de detecção de pessoas descendo: 100.00% do esperado;
Taxa de detecção de pessoas no total: 100.00% do esperado.

Desvio para as pessoas subindo: 0.00% do esperado;
Desvio para as pessoas descendo: 0.00% do esperado;
Desvio para as pessoas no total: 0.00% do esperado.

Tráfego subindo: 2 pessoas;
Tráfego descendo: 2 pessoas;
Pessoas detectadas: 4.

Tempo de execução: 8.06 segundos.
Taxa média de quadros por segundo: 64.23 FPS.

..:: FIM DO LOG ::..

