..:: PROJETO SEEKER ::.. 

Diretório de entrada: M6V.mp4
Diretório de saída: nenhum
Resultado esperado: [3, 0]
Diretório do prototexto da rede neural: Modelos/MobileNetSSD_deploy.prototxt
Diretório do modelo da rede neural: Modelos/MobileNetSSD_deploy.caffemodel
Perspectiva do fluxo do tráfego: vertical
Altura dos quadros em pixels: 225
Largura dos quadros em pixels: 500
Intervalo de quadros para busca de objetos: 30
Grau de confiança do filtro de detecção: 0.78
Distância euclidiana máxima para convergência de centroides: 150 pixels
Persistência dos centroides em pós-desaparecimento: 30 quadros
Métodos de manipulação de imagem utilizados: trunc zero

Quantidade esperada de tráfego subindo: 3 pessoas;
Quantidade esperada de tráfego descendo: 0 pessoas;
Quantidade esperada de tráfego total: 3 pessoas;

Taxa de detecção de pessoas subindo: 66.67% do esperado;
Taxa de detecção de pessoas descendo: 100.00% do esperado;
Taxa de detecção de pessoas no total: 66.67% do esperado.

Desvio para as pessoas subindo: 33.33% do esperado;
Desvio para as pessoas descendo: 0.00% do esperado;
Desvio para as pessoas no total: 33.33% do esperado.

Tráfego subindo: 2 pessoas;
Tráfego descendo: 0 pessoas;
Pessoas detectadas: 2.

Tempo de execução: 4.40 segundos.
Taxa média de quadros por segundo: 108.98 FPS.

..:: FIM DO LOG ::..

