..:: PROJETO SEEKER ::.. 

Diretório de entrada: M5V.mp4
Diretório de saída: nenhum
Resultado esperado: [10, 25]
Diretório do prototexto da rede neural: Modelos/MobileNetSSD_deploy.prototxt
Diretório do modelo da rede neural: Modelos/MobileNetSSD_deploy.caffemodel
Perspectiva do fluxo do tráfego: vertical
Altura dos quadros em pixels: 475
Largura dos quadros em pixels: 500
Intervalo de quadros para busca de objetos: 24
Grau de confiança do filtro de detecção: 0.37
Distância euclidiana máxima para convergência de centroides: 25 pixels
Persistência dos centroides em pós-desaparecimento: 6 quadros
Métodos de manipulação de imagem utilizados: trunc

Quantidade esperada de tráfego subindo: 10 pessoas;
Quantidade esperada de tráfego descendo: 25 pessoas;
Quantidade esperada de tráfego total: 35 pessoas;

Taxa de detecção de pessoas subindo: 90.00% do esperado;
Taxa de detecção de pessoas descendo: 84.00% do esperado;
Taxa de detecção de pessoas no total: 85.71% do esperado.

Desvio para as pessoas subindo: 10.00% do esperado;
Desvio para as pessoas descendo: 16.00% do esperado;
Desvio para as pessoas no total: 14.29% do esperado.

Tráfego subindo: 9 pessoas;
Tráfego descendo: 21 pessoas;
Pessoas detectadas: 30.

Tempo de execução: 47.84 segundos.
Taxa média de quadros por segundo: 65.49 FPS.

..:: FIM DO LOG ::..

